[15May2025 00:02:09.207] [Server thread/INFO] [net.minecraft.server.MinecraftServer/]: VictorLeyva08 has made the advancement [Mine? Mine? Mine?]
[15May2025 00:02:15.409] [Server thread/INFO] [net.minecraft.server.MinecraftServer/]: VictorLeyva08 has made the advancement [Jaws]
[15May2025 00:02:59.574] [Server thread/INFO] [net.minecraft.server.MinecraftServer/]: ElKokytus has reached the goal [Fortuitous Militia]
[15May2025 00:04:59.281] [Server thread/INFO] [net.minecraft.server.MinecraftServer/]: VictorLeyva08 has made the advancement [Free Willy]
[15May2025 00:04:59.282] [Server thread/INFO] [net.minecraft.server.MinecraftServer/]: VictorLeyva08 has made the advancement [Best Friends Forever]
[15May2025 00:05:09.506] [Server thread/INFO] [net.minecraft.server.MinecraftServer/]: ElKokytus has made the advancement [Jaws]
[15May2025 00:06:32.476] [Server thread/INFO] [net.minecraft.server.MinecraftServer/]: ElKokytus has made the advancement [Who You Gonna Call?]
[15May2025 00:06:53.087] [Server thread/INFO] [net.minecraft.server.MinecraftServer/]: VictorLeyva08 has made the advancement [Who You Gonna Call?]
[15May2025 00:06:53.088] [Server thread/INFO] [net.minecraft.server.MinecraftServer/]: VictorLeyva08 has made the advancement [A Strange Grave Dust]
[15May2025 00:08:24.647] [Worker-Main-1/ERROR] [net.minecraft.world.level.block.entity.SculkShriekerBlockEntity/]: No key selector in MapLike[{event_delay:0,event_distance:0.0f,range:8,source:{pos:[I;-425,-56,-205],type:"minecraft:block"}}]
[15May2025 00:08:24.678] [Worker-Main-1/ERROR] [net.minecraft.world.entity.decoration.HangingEntity/]: Hanging entity at invalid position: BlockPos{x=-192, y=-54, z=-74}
[15May2025 00:08:24.679] [Worker-Main-1/ERROR] [net.minecraft.world.entity.decoration.HangingEntity/]: Hanging entity at invalid position: BlockPos{x=-192, y=-50, z=-77}
[15May2025 00:08:24.679] [Worker-Main-1/ERROR] [net.minecraft.world.entity.decoration.HangingEntity/]: Hanging entity at invalid position: BlockPos{x=-187, y=-50, z=-72}
[15May2025 00:08:24.680] [Worker-Main-1/ERROR] [net.minecraft.world.entity.decoration.HangingEntity/]: Hanging entity at invalid position: BlockPos{x=-184, y=-45, z=-75}
[15May2025 00:08:24.680] [Worker-Main-1/ERROR] [net.minecraft.world.entity.decoration.HangingEntity/]: Hanging entity at invalid position: BlockPos{x=-182, y=-45, z=-75}
[15May2025 00:08:24.800] [Worker-Main-3/ERROR] [net.minecraft.world.entity.decoration.HangingEntity/]: Hanging entity at invalid position: BlockPos{x=-423, y=-50, z=-211}
[15May2025 00:08:24.801] [Worker-Main-3/ERROR] [net.minecraft.world.entity.decoration.HangingEntity/]: Hanging entity at invalid position: BlockPos{x=-420, y=-50, z=-211}
[15May2025 00:08:24.822] [Worker-Main-3/ERROR] [net.minecraft.world.entity.decoration.HangingEntity/]: Hanging entity at invalid position: BlockPos{x=-195, y=-54, z=-92}
[15May2025 00:08:24.823] [Worker-Main-3/ERROR] [net.minecraft.world.entity.decoration.HangingEntity/]: Hanging entity at invalid position: BlockPos{x=-192, y=-54, z=-88}
[15May2025 00:08:24.823] [Worker-Main-3/ERROR] [net.minecraft.world.entity.decoration.HangingEntity/]: Hanging entity at invalid position: BlockPos{x=-192, y=-50, z=-85}
[15May2025 00:08:24.824] [Worker-Main-3/ERROR] [net.minecraft.world.entity.decoration.HangingEntity/]: Hanging entity at invalid position: BlockPos{x=-183, y=-51, z=-89}
[15May2025 00:08:24.824] [Worker-Main-3/ERROR] [net.minecraft.world.entity.decoration.HangingEntity/]: Hanging entity at invalid position: BlockPos{x=-186, y=-50, z=-90}
[15May2025 00:08:24.825] [Worker-Main-3/ERROR] [net.minecraft.world.entity.decoration.HangingEntity/]: Hanging entity at invalid position: BlockPos{x=-186, y=-45, z=-87}
[15May2025 00:08:24.825] [Worker-Main-3/ERROR] [net.minecraft.world.entity.decoration.HangingEntity/]: Hanging entity at invalid position: BlockPos{x=-189, y=-45, z=-84}
[15May2025 00:08:29.902] [Worker-Main-1/ERROR] [net.minecraft.world.entity.decoration.HangingEntity/]: Hanging entity at invalid position: BlockPos{x=-413, y=-49, z=-217}
[15May2025 00:08:29.903] [Worker-Main-1/ERROR] [net.minecraft.world.entity.decoration.HangingEntity/]: Hanging entity at invalid position: BlockPos{x=-418, y=-50, z=-208}
[15May2025 00:08:29.925] [Worker-Main-1/ERROR] [net.minecraft.world.entity.decoration.HangingEntity/]: Hanging entity at invalid position: BlockPos{x=-178, y=-45, z=-85}
[15May2025 00:08:29.925] [Worker-Main-1/ERROR] [net.minecraft.world.entity.decoration.HangingEntity/]: Hanging entity at invalid position: BlockPos{x=-178, y=-41, z=-89}
[15May2025 00:08:29.926] [Worker-Main-1/ERROR] [net.minecraft.world.entity.decoration.HangingEntity/]: Hanging entity at invalid position: BlockPos{x=-172, y=-54, z=-92}
[15May2025 00:08:29.926] [Worker-Main-1/ERROR] [net.minecraft.world.entity.decoration.HangingEntity/]: Hanging entity at invalid position: BlockPos{x=-172, y=-54, z=-93}
[15May2025 00:08:29.926] [Worker-Main-1/ERROR] [net.minecraft.world.entity.decoration.HangingEntity/]: Hanging entity at invalid position: BlockPos{x=-175, y=-41, z=-90}
[15May2025 00:08:29.933] [Worker-Main-1/ERROR] [net.minecraft.world.entity.decoration.HangingEntity/]: Hanging entity at invalid position: BlockPos{x=-274, y=-57, z=-245}
[15May2025 00:08:29.934] [Worker-Main-1/ERROR] [net.minecraft.world.entity.decoration.HangingEntity/]: Hanging entity at invalid position: BlockPos{x=-276, y=-57, z=-243}
[15May2025 00:08:29.934] [Worker-Main-1/ERROR] [net.minecraft.world.entity.decoration.HangingEntity/]: Hanging entity at invalid position: BlockPos{x=-277, y=-57, z=-244}
[15May2025 00:08:29.978] [Worker-Main-1/ERROR] [net.minecraft.world.entity.decoration.HangingEntity/]: Hanging entity at invalid position: BlockPos{x=-177, y=-55, z=-77}
[15May2025 00:08:29.979] [Worker-Main-1/ERROR] [net.minecraft.world.entity.decoration.HangingEntity/]: Hanging entity at invalid position: BlockPos{x=-181, y=-50, z=-73}
[15May2025 00:08:29.979] [Worker-Main-1/ERROR] [net.minecraft.world.entity.decoration.HangingEntity/]: Hanging entity at invalid position: BlockPos{x=-172, y=-54, z=-70}
[15May2025 00:09:27.137] [Worker-Main-1/ERROR] [net.minecraft.world.entity.decoration.HangingEntity/]: Hanging entity at invalid position: BlockPos{x=60, y=-53, z=10}
[15May2025 00:09:40.988] [Worker-Main-2/WARN] [net.minecraft.world.level.levelgen.structure.pools.JigsawPlacement/]: Empty or non-existent pool: dungeons_arise:mechanical_nest/mechanical_nest_decoration
[15May2025 00:09:41.302] [Worker-Main-2/WARN] [net.minecraft.world.level.levelgen.structure.pools.JigsawPlacement/]: Empty or non-existent pool: dungeons_arise:mechanical_nest/mechanical_nest_decoration
[15May2025 00:09:41.385] [Worker-Main-2/WARN] [net.minecraft.world.level.levelgen.structure.pools.JigsawPlacement/]: Empty or non-existent pool: dungeons_arise:mechanical_nest/mechanical_nest_decoration
[15May2025 00:09:41.436] [Worker-Main-2/WARN] [net.minecraft.world.level.levelgen.structure.pools.JigsawPlacement/]: Empty or non-existent pool: dungeons_arise:mechanical_nest/mechanical_nest_decoration
[15May2025 00:09:41.463] [Worker-Main-2/WARN] [net.minecraft.world.level.levelgen.structure.pools.JigsawPlacement/]: Empty or non-existent pool: dungeons_arise:mechanical_nest/mechanical_nest_decoration
[15May2025 00:09:41.507] [Worker-Main-2/WARN] [net.minecraft.world.level.levelgen.structure.pools.JigsawPlacement/]: Empty or non-existent pool: dungeons_arise:mechanical_nest/mechanical_nest_decoration
[15May2025 00:12:03.614] [Server thread/INFO] [net.minecraft.server.MinecraftServer/]: ElKokytus has reached the goal [Magic Siphoner]
[15May2025 00:13:17.261] [Server thread/INFO] [net.minecraft.server.MinecraftServer/]: ElKokytus was slain by Husk
[15May2025 00:13:17.265] [Server thread/INFO] [tombstone/]: The player ElKokytus has successfully been saved
[15May2025 00:14:27.192] [Server thread/INFO] [net.minecraft.server.MinecraftServer/]: VictorLeyva08 has made the advancement [Ashes 'n Bones]
[15May2025 00:15:30.409] [Server thread/INFO] [net.minecraft.server.MinecraftServer/]: VictorLeyva08 has reached the goal [Discreet Search]
[15May2025 00:16:31.481] [Server thread/INFO] [net.minecraft.server.MinecraftServer/]: ElKokytus has made the advancement [Sweet Dreams]
[15May2025 00:18:02.359] [Server thread/INFO] [net.minecraft.server.MinecraftServer/]: ElKokytus was slain by Skeleton
[15May2025 00:18:02.369] [Server thread/INFO] [tombstone/]: The player ElKokytus has successfully been saved
[15May2025 00:18:36.456] [Server thread/INFO] [net.minecraft.server.MinecraftServer/]: ElKokytus was slain by Skeleton
[15May2025 00:18:36.470] [Server thread/INFO] [tombstone/]: The player ElKokytus has successfully been saved
