2025-05-14 23:29:18,550 [modloading-worker-0] WARN treasure2 | TreasureLootTableRegistry.java:173 | unable to locate file in jar -> data/treasure2/loot_tables/injects
2025-05-14 23:29:32,741 [main] INFO treasure2 | TreasureTags.java:135 | in tags updated event
2025-05-14 23:29:32,742 [main] INFO treasure2 | TreasureTags.java:152 | registering key -> treasure2:stone_key by rarity -> COMMON
2025-05-14 23:29:32,743 [main] INFO treasure2 | TreasureTags.java:152 | registering key -> treasure2:leaf_key by rarity -> UNCOMMON
2025-05-14 23:29:32,743 [main] INFO treasure2 | TreasureTags.java:152 | registering key -> treasure2:gold_key by rarity -> SCARCE
2025-05-14 23:29:32,744 [main] INFO treasure2 | TreasureTags.java:152 | registering key -> treasure2:diamond_key by rarity -> RARE
2025-05-14 23:29:32,744 [main] INFO treasure2 | TreasureTags.java:152 | registering key -> treasure2:thiefs_lock_pick by rarity -> UNCOMMON
2025-05-14 23:29:32,744 [main] INFO treasure2 | TreasureTags.java:152 | registering key -> treasure2:ember_key by rarity -> SCARCE
2025-05-14 23:29:32,745 [main] INFO treasure2 | TreasureTags.java:152 | registering key -> treasure2:wood_key by rarity -> COMMON
2025-05-14 23:29:32,745 [main] INFO treasure2 | TreasureTags.java:152 | registering key -> treasure2:metallurgists_key by rarity -> RARE
2025-05-14 23:29:32,746 [main] INFO treasure2 | TreasureTags.java:152 | registering key -> treasure2:skeleton_key by rarity -> RARE
2025-05-14 23:29:32,746 [main] INFO treasure2 | TreasureTags.java:152 | registering key -> treasure2:jewelled_key by rarity -> EPIC
2025-05-14 23:29:32,747 [main] INFO treasure2 | TreasureTags.java:152 | registering key -> treasure2:ruby_key by rarity -> EPIC
2025-05-14 23:29:32,747 [main] INFO treasure2 | TreasureTags.java:152 | registering key -> treasure2:onyx_key by rarity -> SCARCE
2025-05-14 23:29:32,748 [main] INFO treasure2 | TreasureTags.java:152 | registering key -> treasure2:emerald_key by rarity -> RARE
2025-05-14 23:29:32,748 [main] INFO treasure2 | TreasureTags.java:152 | registering key -> treasure2:lightning_key by rarity -> SCARCE
2025-05-14 23:29:32,749 [main] INFO treasure2 | TreasureTags.java:152 | registering key -> treasure2:topaz_key by rarity -> SCARCE
2025-05-14 23:29:32,749 [main] INFO treasure2 | TreasureTags.java:152 | registering key -> treasure2:sapphire_key by rarity -> EPIC
2025-05-14 23:29:32,749 [main] INFO treasure2 | TreasureTags.java:152 | registering key -> treasure2:pilferers_lock_pick by rarity -> COMMON
2025-05-14 23:29:32,750 [main] INFO treasure2 | TreasureTags.java:152 | registering key -> treasure2:iron_key by rarity -> UNCOMMON
2025-05-14 23:29:32,750 [main] INFO treasure2 | TreasureTags.java:152 | registering key -> treasure2:wither_key by rarity -> RARE
2025-05-14 23:29:32,751 [main] INFO treasure2 | TreasureTags.java:152 | registering key -> treasure2:spider_key by rarity -> SCARCE
2025-05-14 23:29:32,751 [main] INFO treasure2 | TreasureTags.java:152 | registering key -> treasure2:one_key by rarity -> MYTHICAL
2025-05-14 23:29:32,753 [main] INFO treasure2 | TreasureTags.java:167 | registering lock -> treasure2:onyx_lock by rarity -> SCARCE
2025-05-14 23:29:32,753 [main] INFO treasure2 | TreasureTags.java:167 | registering lock -> treasure2:spider_lock by rarity -> SCARCE
2025-05-14 23:29:32,753 [main] INFO treasure2 | TreasureTags.java:167 | registering lock -> treasure2:emerald_lock by rarity -> RARE
2025-05-14 23:29:32,753 [main] INFO treasure2 | TreasureTags.java:167 | registering lock -> treasure2:ruby_lock by rarity -> EPIC
2025-05-14 23:29:32,753 [main] INFO treasure2 | TreasureTags.java:167 | registering lock -> treasure2:stone_lock by rarity -> COMMON
2025-05-14 23:29:32,754 [main] INFO treasure2 | TreasureTags.java:167 | registering lock -> treasure2:leaf_lock by rarity -> UNCOMMON
2025-05-14 23:29:32,754 [main] INFO treasure2 | TreasureTags.java:167 | registering lock -> treasure2:sapphire_lock by rarity -> EPIC
2025-05-14 23:29:32,754 [main] INFO treasure2 | TreasureTags.java:167 | registering lock -> treasure2:diamond_lock by rarity -> RARE
2025-05-14 23:29:32,754 [main] INFO treasure2 | TreasureTags.java:167 | registering lock -> treasure2:ember_lock by rarity -> SCARCE
2025-05-14 23:29:32,754 [main] INFO treasure2 | TreasureTags.java:167 | registering lock -> treasure2:gold_lock by rarity -> SCARCE
2025-05-14 23:29:32,754 [main] INFO treasure2 | TreasureTags.java:167 | registering lock -> treasure2:wood_lock by rarity -> COMMON
2025-05-14 23:29:32,754 [main] INFO treasure2 | TreasureTags.java:167 | registering lock -> treasure2:iron_lock by rarity -> UNCOMMON
2025-05-14 23:29:32,754 [main] INFO treasure2 | TreasureTags.java:167 | registering lock -> treasure2:topaz_lock by rarity -> SCARCE
2025-05-14 23:29:32,757 [main] INFO treasure2 | TreasureTags.java:184 | registering chest -> treasure2:barrel_chest by rarity -> UNCOMMON
2025-05-14 23:29:32,758 [main] INFO treasure2 | TreasureTags.java:184 | registering chest -> treasure2:viking_chest by rarity -> UNCOMMON
2025-05-14 23:29:32,759 [main] INFO treasure2 | TreasureTags.java:184 | registering chest -> treasure2:pirate_chest by rarity -> SCARCE
2025-05-14 23:29:32,760 [main] INFO treasure2 | TreasureTags.java:184 | registering chest -> treasure2:safe by rarity -> RARE
2025-05-14 23:29:32,760 [main] INFO treasure2 | TreasureTags.java:184 | registering chest -> treasure2:cauldron_chest by rarity -> CAULDRON
2025-05-14 23:29:32,761 [main] INFO treasure2 | TreasureTags.java:184 | registering chest -> treasure2:crate_chest by rarity -> UNCOMMON
2025-05-14 23:29:32,762 [main] INFO treasure2 | TreasureTags.java:184 | registering chest -> treasure2:crate_chest_moldy by rarity -> COMMON
2025-05-14 23:29:32,763 [main] INFO treasure2 | TreasureTags.java:184 | registering chest -> treasure2:dread_pirate_chest by rarity -> EPIC
2025-05-14 23:29:32,764 [main] INFO treasure2 | TreasureTags.java:184 | registering chest -> treasure2:spider_chest by rarity -> RARE
2025-05-14 23:29:32,765 [main] INFO treasure2 | TreasureTags.java:184 | registering chest -> treasure2:ironbound_chest by rarity -> UNCOMMON
2025-05-14 23:29:32,765 [main] INFO treasure2 | TreasureTags.java:184 | registering chest -> treasure2:skull_chest by rarity -> SKULL
2025-05-14 23:29:32,766 [main] INFO treasure2 | TreasureTags.java:184 | registering chest -> treasure2:milk_crate by rarity -> COMMON
2025-05-14 23:29:32,766 [main] INFO treasure2 | TreasureTags.java:184 | registering chest -> treasure2:vanilla_chest by rarity -> COMMON
2025-05-14 23:29:32,766 [main] INFO treasure2 | TreasureTags.java:184 | registering chest -> treasure2:gold_skull_chest by rarity -> GOLD_SKULL
2025-05-14 23:29:32,766 [main] INFO treasure2 | TreasureTags.java:184 | registering chest -> treasure2:gold_strongbox by rarity -> RARE
2025-05-14 23:29:32,766 [main] INFO treasure2 | TreasureTags.java:184 | registering chest -> treasure2:iron_strongbox by rarity -> SCARCE
2025-05-14 23:29:32,766 [main] INFO treasure2 | TreasureTags.java:184 | registering chest -> treasure2:crystal_skull_chest by rarity -> CRYSTAL_SKULL
2025-05-14 23:29:32,766 [main] INFO treasure2 | TreasureTags.java:184 | registering chest -> treasure2:wood_chest by rarity -> COMMON
2025-05-14 23:29:32,766 [main] INFO treasure2 | TreasureTags.java:184 | registering chest -> treasure2:wither_chest by rarity -> WITHER
2025-05-14 23:29:32,766 [main] INFO treasure2 | TreasureTags.java:184 | registering chest -> treasure2:compressor_chest by rarity -> EPIC
2025-05-14 23:29:32,766 [main] INFO treasure2 | TreasureTags.java:184 | registering chest -> treasure2:cardboard_box by rarity -> COMMON
2025-05-14 23:29:32,767 [main] INFO treasure2 | TreasureTags.java:201 | registering wishable -> treasure2:onyx by rarity -> RARE
2025-05-14 23:29:32,768 [main] INFO treasure2 | TreasureTags.java:201 | registering wishable -> treasure2:ruby by rarity -> RARE
2025-05-14 23:29:32,768 [main] INFO treasure2 | TreasureTags.java:201 | registering wishable -> treasure2:white_pearl by rarity -> RARE
2025-05-14 23:29:32,768 [main] INFO treasure2 | TreasureTags.java:201 | registering wishable -> treasure2:sapphire by rarity -> EPIC
2025-05-14 23:29:32,769 [main] INFO treasure2 | TreasureTags.java:201 | registering wishable -> treasure2:black_pearl by rarity -> EPIC
2025-05-14 23:29:32,770 [main] INFO treasure2 | TreasureTags.java:201 | registering wishable -> treasure2:gold_coin by rarity -> SCARCE
2025-05-14 23:29:32,771 [main] INFO treasure2 | TreasureTags.java:201 | registering wishable -> treasure2:topaz by rarity -> SCARCE
2025-05-14 23:29:32,772 [main] INFO treasure2 | TreasureTags.java:201 | registering wishable -> minecraft:diamond by rarity -> SCARCE
2025-05-14 23:29:32,772 [main] INFO treasure2 | TreasureTags.java:201 | registering wishable -> minecraft:emerald by rarity -> SCARCE
2025-05-14 23:29:32,772 [main] INFO treasure2 | TreasureTags.java:201 | registering wishable -> treasure2:silver_coin by rarity -> UNCOMMON
2025-05-14 23:29:32,773 [main] INFO treasure2 | TreasureTags.java:201 | registering wishable -> treasure2:copper_coin by rarity -> COMMON
2025-05-14 23:29:33,927 [Thread-2] INFO treasure2 | Config.java:760 | transforming mob set config...
2025-05-14 23:29:33,929 [Server thread] INFO treasure2 | Config.java:760 | transforming mob set config...
2025-05-14 23:29:33,944 [Thread-2] INFO treasure2 | Config.java:769 | adding mobset to map -> MobSet{name='treasure2:wishing_well_group', category='wishing_wells', biomeWhitelist=[], biomeBlacklist=[], count=IntegerRange [min=1, max=3], mobs=[WeightedMob{name='minecraft:zombie', weight=35}, WeightedMob{name='minecraft:zombie_villager', weight=10}, WeightedMob{name='minecraft:skeleton', weight=35}, WeightedMob{name='minecraft:vex', weight=20}, WeightedMob{name='minecraft:creeper', weight=15}, WeightedMob{name='minecraft:slime', weight=5}]}
2025-05-14 23:29:33,945 [Thread-2] INFO treasure2 | Config.java:769 | adding mobset to map -> MobSet{name='treasure2:wither_tree_group', category='wither_trees', biomeWhitelist=[], biomeBlacklist=[], count=IntegerRange [min=1, max=3], mobs=[WeightedMob{name='minecraft:wither_skeleton', weight=90}, WeightedMob{name='minecraft:skeleton', weight=10}]}
2025-05-14 23:29:33,945 [Thread-2] INFO treasure2 | Config.java:769 | adding mobset to map -> MobSet{name='treasure2:small_zombie_group', category='zombies', biomeWhitelist=[], biomeBlacklist=[], count=IntegerRange [min=1, max=3], mobs=[WeightedMob{name='minecraft:zombie', weight=90}, WeightedMob{name='minecraft:zombie_villager', weight=10}]}
2025-05-14 23:29:33,945 [Thread-2] INFO treasure2 | Config.java:769 | adding mobset to map -> MobSet{name='treasure2:medium_zombie_group', category='zombies', biomeWhitelist=[], biomeBlacklist=[], count=IntegerRange [min=2, max=5], mobs=[WeightedMob{name='minecraft:zombie', weight=90}, WeightedMob{name='minecraft:zombie_villager', weight=10}]}
2025-05-14 23:29:33,945 [Server thread] INFO treasure2 | Config.java:769 | adding mobset to map -> MobSet{name='treasure2:wishing_well_group', category='wishing_wells', biomeWhitelist=[], biomeBlacklist=[], count=IntegerRange [min=1, max=3], mobs=[WeightedMob{name='minecraft:zombie', weight=35}, WeightedMob{name='minecraft:zombie_villager', weight=10}, WeightedMob{name='minecraft:skeleton', weight=35}, WeightedMob{name='minecraft:vex', weight=20}, WeightedMob{name='minecraft:creeper', weight=15}, WeightedMob{name='minecraft:slime', weight=5}]}
2025-05-14 23:29:33,945 [Server thread] INFO treasure2 | Config.java:769 | adding mobset to map -> MobSet{name='treasure2:wither_tree_group', category='wither_trees', biomeWhitelist=[], biomeBlacklist=[], count=IntegerRange [min=1, max=3], mobs=[WeightedMob{name='minecraft:wither_skeleton', weight=90}, WeightedMob{name='minecraft:skeleton', weight=10}]}
2025-05-14 23:29:33,945 [Server thread] INFO treasure2 | Config.java:769 | adding mobset to map -> MobSet{name='treasure2:small_zombie_group', category='zombies', biomeWhitelist=[], biomeBlacklist=[], count=IntegerRange [min=1, max=3], mobs=[WeightedMob{name='minecraft:zombie', weight=90}, WeightedMob{name='minecraft:zombie_villager', weight=10}]}
2025-05-14 23:29:33,945 [Server thread] INFO treasure2 | Config.java:769 | adding mobset to map -> MobSet{name='treasure2:medium_zombie_group', category='zombies', biomeWhitelist=[], biomeBlacklist=[], count=IntegerRange [min=2, max=5], mobs=[WeightedMob{name='minecraft:zombie', weight=90}, WeightedMob{name='minecraft:zombie_villager', weight=10}]}
2025-05-14 23:29:33,946 [Thread-2] INFO treasure2 | Config.java:760 | transforming mob set config...
2025-05-14 23:29:33,946 [Thread-2] INFO treasure2 | Config.java:769 | adding mobset to map -> MobSet{name='treasure2:wishing_well_group', category='wishing_wells', biomeWhitelist=[], biomeBlacklist=[], count=IntegerRange [min=1, max=3], mobs=[WeightedMob{name='minecraft:zombie', weight=35}, WeightedMob{name='minecraft:zombie_villager', weight=10}, WeightedMob{name='minecraft:skeleton', weight=35}, WeightedMob{name='minecraft:vex', weight=20}, WeightedMob{name='minecraft:creeper', weight=15}, WeightedMob{name='minecraft:slime', weight=5}]}
2025-05-14 23:29:33,946 [Thread-2] INFO treasure2 | Config.java:769 | adding mobset to map -> MobSet{name='treasure2:wither_tree_group', category='wither_trees', biomeWhitelist=[], biomeBlacklist=[], count=IntegerRange [min=1, max=3], mobs=[WeightedMob{name='minecraft:wither_skeleton', weight=90}, WeightedMob{name='minecraft:skeleton', weight=10}]}
2025-05-14 23:29:33,946 [Thread-2] INFO treasure2 | Config.java:769 | adding mobset to map -> MobSet{name='treasure2:small_zombie_group', category='zombies', biomeWhitelist=[], biomeBlacklist=[], count=IntegerRange [min=1, max=3], mobs=[WeightedMob{name='minecraft:zombie', weight=90}, WeightedMob{name='minecraft:zombie_villager', weight=10}]}
2025-05-14 23:29:33,946 [Thread-2] INFO treasure2 | Config.java:769 | adding mobset to map -> MobSet{name='treasure2:medium_zombie_group', category='zombies', biomeWhitelist=[], biomeBlacklist=[], count=IntegerRange [min=2, max=5], mobs=[WeightedMob{name='minecraft:zombie', weight=90}, WeightedMob{name='minecraft:zombie_villager', weight=10}]}
2025-05-14 23:29:33,951 [Thread-2] INFO treasure2 | Config.java:760 | transforming mob set config...
2025-05-14 23:29:33,952 [Thread-2] INFO treasure2 | Config.java:769 | adding mobset to map -> MobSet{name='treasure2:wishing_well_group', category='wishing_wells', biomeWhitelist=[], biomeBlacklist=[], count=IntegerRange [min=1, max=3], mobs=[WeightedMob{name='minecraft:zombie', weight=35}, WeightedMob{name='minecraft:zombie_villager', weight=10}, WeightedMob{name='minecraft:skeleton', weight=35}, WeightedMob{name='minecraft:vex', weight=20}, WeightedMob{name='minecraft:creeper', weight=15}, WeightedMob{name='minecraft:slime', weight=5}]}
2025-05-14 23:29:33,952 [Thread-2] INFO treasure2 | Config.java:769 | adding mobset to map -> MobSet{name='treasure2:wither_tree_group', category='wither_trees', biomeWhitelist=[], biomeBlacklist=[], count=IntegerRange [min=1, max=3], mobs=[WeightedMob{name='minecraft:wither_skeleton', weight=90}, WeightedMob{name='minecraft:skeleton', weight=10}]}
2025-05-14 23:29:33,952 [Thread-2] INFO treasure2 | Config.java:769 | adding mobset to map -> MobSet{name='treasure2:small_zombie_group', category='zombies', biomeWhitelist=[], biomeBlacklist=[], count=IntegerRange [min=1, max=3], mobs=[WeightedMob{name='minecraft:zombie', weight=90}, WeightedMob{name='minecraft:zombie_villager', weight=10}]}
2025-05-14 23:29:33,952 [Thread-2] INFO treasure2 | Config.java:769 | adding mobset to map -> MobSet{name='treasure2:medium_zombie_group', category='zombies', biomeWhitelist=[], biomeBlacklist=[], count=IntegerRange [min=2, max=5], mobs=[WeightedMob{name='minecraft:zombie', weight=90}, WeightedMob{name='minecraft:zombie_villager', weight=10}]}
2025-05-14 23:29:35,968 [Server thread] INFO treasure2 | WorldEventHandler.java:54 | In world load event
2025-05-14 23:29:35,975 [Server thread] INFO treasure2 | WorldEventHandler.java:64 | In world load event for dimension minecraft:overworld
2025-05-14 23:29:36,002 [Server thread] INFO treasure2 | MobSetRegistry.java:37 | mobSetConfig optional ...
2025-05-14 23:29:36,006 [Server thread] INFO treasure2 | MobSetRegistry.java:39 | mobSetConfig is present
2025-05-14 23:29:37,232 [Server thread] WARN treasure2 | TreasureTemplateRegistry.java:791 | biome -> 'minecraft:desert' is not registgered
2025-05-14 23:29:37,232 [Server thread] WARN treasure2 | TreasureTemplateRegistry.java:791 | biome -> 'minecraft:desert' is not registgered
2025-05-14 23:29:37,232 [Server thread] WARN treasure2 | TreasureTemplateRegistry.java:791 | biome -> 'minecraft:desert' is not registgered
2025-05-14 23:29:37,232 [Server thread] WARN treasure2 | TreasureTemplateRegistry.java:791 | biome -> 'minecraft:desert' is not registgered
2025-05-14 23:29:37,232 [Server thread] WARN treasure2 | TreasureTemplateRegistry.java:791 | biome -> 'minecraft:desert' is not registgered
2025-05-14 23:29:37,232 [Server thread] WARN treasure2 | TreasureTemplateRegistry.java:791 | biome -> 'minecraft:desert' is not registgered
2025-05-14 23:29:37,232 [Server thread] WARN treasure2 | TreasureTemplateRegistry.java:791 | biome -> 'minecraft:desert' is not registgered
2025-05-14 23:29:37,236 [Server thread] WARN treasure2 | TreasureTemplateRegistry.java:791 | biome -> 'minecraft:desert' is not registgered
2025-05-14 23:29:55,358 [Server thread] INFO treasure2 | WorldEventHandler.java:54 | In world load event
2025-05-14 23:29:55,359 [Server thread] INFO treasure2 | WorldEventHandler.java:64 | In world load event for dimension minecraft:the_nether
2025-05-14 23:29:55,400 [Server thread] INFO treasure2 | WorldEventHandler.java:54 | In world load event
2025-05-14 23:29:55,401 [Server thread] INFO treasure2 | WorldEventHandler.java:64 | In world load event for dimension minecraft:the_end
2025-05-14 23:31:49,495 [Server thread] INFO treasure2 | Config.java:760 | transforming mob set config...
2025-05-14 23:31:49,497 [Server thread] INFO treasure2 | Config.java:769 | adding mobset to map -> MobSet{name='treasure2:wishing_well_group', category='wishing_wells', biomeWhitelist=[], biomeBlacklist=[], count=IntegerRange [min=1, max=3], mobs=[WeightedMob{name='minecraft:zombie', weight=35}, WeightedMob{name='minecraft:zombie_villager', weight=10}, WeightedMob{name='minecraft:skeleton', weight=35}, WeightedMob{name='minecraft:vex', weight=20}, WeightedMob{name='minecraft:creeper', weight=15}, WeightedMob{name='minecraft:slime', weight=5}]}
2025-05-14 23:31:49,497 [Server thread] INFO treasure2 | Config.java:769 | adding mobset to map -> MobSet{name='treasure2:wither_tree_group', category='wither_trees', biomeWhitelist=[], biomeBlacklist=[], count=IntegerRange [min=1, max=3], mobs=[WeightedMob{name='minecraft:wither_skeleton', weight=90}, WeightedMob{name='minecraft:skeleton', weight=10}]}
2025-05-14 23:31:49,497 [Server thread] INFO treasure2 | Config.java:769 | adding mobset to map -> MobSet{name='treasure2:small_zombie_group', category='zombies', biomeWhitelist=[], biomeBlacklist=[], count=IntegerRange [min=1, max=3], mobs=[WeightedMob{name='minecraft:zombie', weight=90}, WeightedMob{name='minecraft:zombie_villager', weight=10}]}
2025-05-14 23:31:49,498 [Server thread] INFO treasure2 | Config.java:769 | adding mobset to map -> MobSet{name='treasure2:medium_zombie_group', category='zombies', biomeWhitelist=[], biomeBlacklist=[], count=IntegerRange [min=2, max=5], mobs=[WeightedMob{name='minecraft:zombie', weight=90}, WeightedMob{name='minecraft:zombie_villager', weight=10}]}
2025-05-14 23:33:43,378 [modloading-worker-0] WARN treasure2 | TreasureLootTableRegistry.java:173 | unable to locate file in jar -> data/treasure2/loot_tables/injects
2025-05-14 23:33:58,129 [main] INFO treasure2 | TreasureTags.java:135 | in tags updated event
2025-05-14 23:33:58,130 [main] INFO treasure2 | TreasureTags.java:152 | registering key -> treasure2:stone_key by rarity -> COMMON
2025-05-14 23:33:58,130 [main] INFO treasure2 | TreasureTags.java:152 | registering key -> treasure2:leaf_key by rarity -> UNCOMMON
2025-05-14 23:33:58,131 [main] INFO treasure2 | TreasureTags.java:152 | registering key -> treasure2:gold_key by rarity -> SCARCE
2025-05-14 23:33:58,131 [main] INFO treasure2 | TreasureTags.java:152 | registering key -> treasure2:diamond_key by rarity -> RARE
2025-05-14 23:33:58,131 [main] INFO treasure2 | TreasureTags.java:152 | registering key -> treasure2:thiefs_lock_pick by rarity -> UNCOMMON
2025-05-14 23:33:58,131 [main] INFO treasure2 | TreasureTags.java:152 | registering key -> treasure2:ember_key by rarity -> SCARCE
2025-05-14 23:33:58,131 [main] INFO treasure2 | TreasureTags.java:152 | registering key -> treasure2:wood_key by rarity -> COMMON
2025-05-14 23:33:58,131 [main] INFO treasure2 | TreasureTags.java:152 | registering key -> treasure2:metallurgists_key by rarity -> RARE
2025-05-14 23:33:58,131 [main] INFO treasure2 | TreasureTags.java:152 | registering key -> treasure2:skeleton_key by rarity -> RARE
2025-05-14 23:33:58,131 [main] INFO treasure2 | TreasureTags.java:152 | registering key -> treasure2:jewelled_key by rarity -> EPIC
2025-05-14 23:33:58,131 [main] INFO treasure2 | TreasureTags.java:152 | registering key -> treasure2:ruby_key by rarity -> EPIC
2025-05-14 23:33:58,131 [main] INFO treasure2 | TreasureTags.java:152 | registering key -> treasure2:onyx_key by rarity -> SCARCE
2025-05-14 23:33:58,132 [main] INFO treasure2 | TreasureTags.java:152 | registering key -> treasure2:emerald_key by rarity -> RARE
2025-05-14 23:33:58,132 [main] INFO treasure2 | TreasureTags.java:152 | registering key -> treasure2:lightning_key by rarity -> SCARCE
2025-05-14 23:33:58,132 [main] INFO treasure2 | TreasureTags.java:152 | registering key -> treasure2:topaz_key by rarity -> SCARCE
2025-05-14 23:33:58,132 [main] INFO treasure2 | TreasureTags.java:152 | registering key -> treasure2:sapphire_key by rarity -> EPIC
2025-05-14 23:33:58,132 [main] INFO treasure2 | TreasureTags.java:152 | registering key -> treasure2:pilferers_lock_pick by rarity -> COMMON
2025-05-14 23:33:58,132 [main] INFO treasure2 | TreasureTags.java:152 | registering key -> treasure2:iron_key by rarity -> UNCOMMON
2025-05-14 23:33:58,132 [main] INFO treasure2 | TreasureTags.java:152 | registering key -> treasure2:wither_key by rarity -> RARE
2025-05-14 23:33:58,132 [main] INFO treasure2 | TreasureTags.java:152 | registering key -> treasure2:spider_key by rarity -> SCARCE
2025-05-14 23:33:58,132 [main] INFO treasure2 | TreasureTags.java:152 | registering key -> treasure2:one_key by rarity -> MYTHICAL
2025-05-14 23:33:58,133 [main] INFO treasure2 | TreasureTags.java:167 | registering lock -> treasure2:onyx_lock by rarity -> SCARCE
2025-05-14 23:33:58,133 [main] INFO treasure2 | TreasureTags.java:167 | registering lock -> treasure2:spider_lock by rarity -> SCARCE
2025-05-14 23:33:58,133 [main] INFO treasure2 | TreasureTags.java:167 | registering lock -> treasure2:emerald_lock by rarity -> RARE
2025-05-14 23:33:58,133 [main] INFO treasure2 | TreasureTags.java:167 | registering lock -> treasure2:ruby_lock by rarity -> EPIC
2025-05-14 23:33:58,133 [main] INFO treasure2 | TreasureTags.java:167 | registering lock -> treasure2:stone_lock by rarity -> COMMON
2025-05-14 23:33:58,133 [main] INFO treasure2 | TreasureTags.java:167 | registering lock -> treasure2:leaf_lock by rarity -> UNCOMMON
2025-05-14 23:33:58,133 [main] INFO treasure2 | TreasureTags.java:167 | registering lock -> treasure2:sapphire_lock by rarity -> EPIC
2025-05-14 23:33:58,133 [main] INFO treasure2 | TreasureTags.java:167 | registering lock -> treasure2:diamond_lock by rarity -> RARE
2025-05-14 23:33:58,133 [main] INFO treasure2 | TreasureTags.java:167 | registering lock -> treasure2:ember_lock by rarity -> SCARCE
2025-05-14 23:33:58,133 [main] INFO treasure2 | TreasureTags.java:167 | registering lock -> treasure2:gold_lock by rarity -> SCARCE
2025-05-14 23:33:58,134 [main] INFO treasure2 | TreasureTags.java:167 | registering lock -> treasure2:wood_lock by rarity -> COMMON
2025-05-14 23:33:58,134 [main] INFO treasure2 | TreasureTags.java:167 | registering lock -> treasure2:iron_lock by rarity -> UNCOMMON
2025-05-14 23:33:58,134 [main] INFO treasure2 | TreasureTags.java:167 | registering lock -> treasure2:topaz_lock by rarity -> SCARCE
2025-05-14 23:33:58,134 [main] INFO treasure2 | TreasureTags.java:184 | registering chest -> treasure2:barrel_chest by rarity -> UNCOMMON
2025-05-14 23:33:58,134 [main] INFO treasure2 | TreasureTags.java:184 | registering chest -> treasure2:viking_chest by rarity -> UNCOMMON
2025-05-14 23:33:58,134 [main] INFO treasure2 | TreasureTags.java:184 | registering chest -> treasure2:pirate_chest by rarity -> SCARCE
2025-05-14 23:33:58,134 [main] INFO treasure2 | TreasureTags.java:184 | registering chest -> treasure2:safe by rarity -> RARE
2025-05-14 23:33:58,134 [main] INFO treasure2 | TreasureTags.java:184 | registering chest -> treasure2:cauldron_chest by rarity -> CAULDRON
2025-05-14 23:33:58,135 [main] INFO treasure2 | TreasureTags.java:184 | registering chest -> treasure2:crate_chest by rarity -> UNCOMMON
2025-05-14 23:33:58,135 [main] INFO treasure2 | TreasureTags.java:184 | registering chest -> treasure2:crate_chest_moldy by rarity -> COMMON
2025-05-14 23:33:58,135 [main] INFO treasure2 | TreasureTags.java:184 | registering chest -> treasure2:dread_pirate_chest by rarity -> EPIC
2025-05-14 23:33:58,135 [main] INFO treasure2 | TreasureTags.java:184 | registering chest -> treasure2:spider_chest by rarity -> RARE
2025-05-14 23:33:58,135 [main] INFO treasure2 | TreasureTags.java:184 | registering chest -> treasure2:ironbound_chest by rarity -> UNCOMMON
2025-05-14 23:33:58,135 [main] INFO treasure2 | TreasureTags.java:184 | registering chest -> treasure2:skull_chest by rarity -> SKULL
2025-05-14 23:33:58,135 [main] INFO treasure2 | TreasureTags.java:184 | registering chest -> treasure2:milk_crate by rarity -> COMMON
2025-05-14 23:33:58,135 [main] INFO treasure2 | TreasureTags.java:184 | registering chest -> treasure2:vanilla_chest by rarity -> COMMON
2025-05-14 23:33:58,135 [main] INFO treasure2 | TreasureTags.java:184 | registering chest -> treasure2:gold_skull_chest by rarity -> GOLD_SKULL
2025-05-14 23:33:58,135 [main] INFO treasure2 | TreasureTags.java:184 | registering chest -> treasure2:gold_strongbox by rarity -> RARE
2025-05-14 23:33:58,135 [main] INFO treasure2 | TreasureTags.java:184 | registering chest -> treasure2:iron_strongbox by rarity -> SCARCE
2025-05-14 23:33:58,136 [main] INFO treasure2 | TreasureTags.java:184 | registering chest -> treasure2:crystal_skull_chest by rarity -> CRYSTAL_SKULL
2025-05-14 23:33:58,136 [main] INFO treasure2 | TreasureTags.java:184 | registering chest -> treasure2:wood_chest by rarity -> COMMON
2025-05-14 23:33:58,136 [main] INFO treasure2 | TreasureTags.java:184 | registering chest -> treasure2:wither_chest by rarity -> WITHER
2025-05-14 23:33:58,136 [main] INFO treasure2 | TreasureTags.java:184 | registering chest -> treasure2:compressor_chest by rarity -> EPIC
2025-05-14 23:33:58,136 [main] INFO treasure2 | TreasureTags.java:184 | registering chest -> treasure2:cardboard_box by rarity -> COMMON
2025-05-14 23:33:58,136 [main] INFO treasure2 | TreasureTags.java:201 | registering wishable -> treasure2:onyx by rarity -> RARE
2025-05-14 23:33:58,137 [main] INFO treasure2 | TreasureTags.java:201 | registering wishable -> treasure2:ruby by rarity -> RARE
2025-05-14 23:33:58,138 [main] INFO treasure2 | TreasureTags.java:201 | registering wishable -> treasure2:white_pearl by rarity -> RARE
2025-05-14 23:33:58,138 [main] INFO treasure2 | TreasureTags.java:201 | registering wishable -> treasure2:sapphire by rarity -> EPIC
2025-05-14 23:33:58,139 [main] INFO treasure2 | TreasureTags.java:201 | registering wishable -> treasure2:black_pearl by rarity -> EPIC
2025-05-14 23:33:58,140 [main] INFO treasure2 | TreasureTags.java:201 | registering wishable -> treasure2:gold_coin by rarity -> SCARCE
2025-05-14 23:33:58,140 [main] INFO treasure2 | TreasureTags.java:201 | registering wishable -> treasure2:topaz by rarity -> SCARCE
2025-05-14 23:33:58,141 [main] INFO treasure2 | TreasureTags.java:201 | registering wishable -> minecraft:diamond by rarity -> SCARCE
2025-05-14 23:33:58,141 [main] INFO treasure2 | TreasureTags.java:201 | registering wishable -> minecraft:emerald by rarity -> SCARCE
2025-05-14 23:33:58,141 [main] INFO treasure2 | TreasureTags.java:201 | registering wishable -> treasure2:silver_coin by rarity -> UNCOMMON
2025-05-14 23:33:58,142 [main] INFO treasure2 | TreasureTags.java:201 | registering wishable -> treasure2:copper_coin by rarity -> COMMON
2025-05-14 23:33:59,044 [Server thread] INFO treasure2 | Config.java:760 | transforming mob set config...
2025-05-14 23:33:59,061 [Server thread] INFO treasure2 | Config.java:769 | adding mobset to map -> MobSet{name='treasure2:wishing_well_group', category='wishing_wells', biomeWhitelist=[], biomeBlacklist=[], count=IntegerRange [min=1, max=3], mobs=[WeightedMob{name='minecraft:zombie', weight=35}, WeightedMob{name='minecraft:zombie_villager', weight=10}, WeightedMob{name='minecraft:skeleton', weight=35}, WeightedMob{name='minecraft:vex', weight=20}, WeightedMob{name='minecraft:creeper', weight=15}, WeightedMob{name='minecraft:slime', weight=5}]}
2025-05-14 23:33:59,061 [Server thread] INFO treasure2 | Config.java:769 | adding mobset to map -> MobSet{name='treasure2:wither_tree_group', category='wither_trees', biomeWhitelist=[], biomeBlacklist=[], count=IntegerRange [min=1, max=3], mobs=[WeightedMob{name='minecraft:wither_skeleton', weight=90}, WeightedMob{name='minecraft:skeleton', weight=10}]}
2025-05-14 23:33:59,062 [Server thread] INFO treasure2 | Config.java:769 | adding mobset to map -> MobSet{name='treasure2:small_zombie_group', category='zombies', biomeWhitelist=[], biomeBlacklist=[], count=IntegerRange [min=1, max=3], mobs=[WeightedMob{name='minecraft:zombie', weight=90}, WeightedMob{name='minecraft:zombie_villager', weight=10}]}
2025-05-14 23:33:59,062 [Server thread] INFO treasure2 | Config.java:769 | adding mobset to map -> MobSet{name='treasure2:medium_zombie_group', category='zombies', biomeWhitelist=[], biomeBlacklist=[], count=IntegerRange [min=2, max=5], mobs=[WeightedMob{name='minecraft:zombie', weight=90}, WeightedMob{name='minecraft:zombie_villager', weight=10}]}
2025-05-14 23:33:59,063 [Thread-2] INFO treasure2 | Config.java:760 | transforming mob set config...
2025-05-14 23:33:59,064 [Thread-2] INFO treasure2 | Config.java:769 | adding mobset to map -> MobSet{name='treasure2:wishing_well_group', category='wishing_wells', biomeWhitelist=[], biomeBlacklist=[], count=IntegerRange [min=1, max=3], mobs=[WeightedMob{name='minecraft:zombie', weight=35}, WeightedMob{name='minecraft:zombie_villager', weight=10}, WeightedMob{name='minecraft:skeleton', weight=35}, WeightedMob{name='minecraft:vex', weight=20}, WeightedMob{name='minecraft:creeper', weight=15}, WeightedMob{name='minecraft:slime', weight=5}]}
2025-05-14 23:33:59,064 [Thread-2] INFO treasure2 | Config.java:769 | adding mobset to map -> MobSet{name='treasure2:wither_tree_group', category='wither_trees', biomeWhitelist=[], biomeBlacklist=[], count=IntegerRange [min=1, max=3], mobs=[WeightedMob{name='minecraft:wither_skeleton', weight=90}, WeightedMob{name='minecraft:skeleton', weight=10}]}
2025-05-14 23:33:59,064 [Thread-2] INFO treasure2 | Config.java:769 | adding mobset to map -> MobSet{name='treasure2:small_zombie_group', category='zombies', biomeWhitelist=[], biomeBlacklist=[], count=IntegerRange [min=1, max=3], mobs=[WeightedMob{name='minecraft:zombie', weight=90}, WeightedMob{name='minecraft:zombie_villager', weight=10}]}
2025-05-14 23:33:59,065 [Thread-2] INFO treasure2 | Config.java:769 | adding mobset to map -> MobSet{name='treasure2:medium_zombie_group', category='zombies', biomeWhitelist=[], biomeBlacklist=[], count=IntegerRange [min=2, max=5], mobs=[WeightedMob{name='minecraft:zombie', weight=90}, WeightedMob{name='minecraft:zombie_villager', weight=10}]}
2025-05-14 23:33:59,065 [Thread-2] INFO treasure2 | Config.java:760 | transforming mob set config...
2025-05-14 23:33:59,066 [Thread-2] INFO treasure2 | Config.java:769 | adding mobset to map -> MobSet{name='treasure2:wishing_well_group', category='wishing_wells', biomeWhitelist=[], biomeBlacklist=[], count=IntegerRange [min=1, max=3], mobs=[WeightedMob{name='minecraft:zombie', weight=35}, WeightedMob{name='minecraft:zombie_villager', weight=10}, WeightedMob{name='minecraft:skeleton', weight=35}, WeightedMob{name='minecraft:vex', weight=20}, WeightedMob{name='minecraft:creeper', weight=15}, WeightedMob{name='minecraft:slime', weight=5}]}
2025-05-14 23:33:59,066 [Thread-2] INFO treasure2 | Config.java:769 | adding mobset to map -> MobSet{name='treasure2:wither_tree_group', category='wither_trees', biomeWhitelist=[], biomeBlacklist=[], count=IntegerRange [min=1, max=3], mobs=[WeightedMob{name='minecraft:wither_skeleton', weight=90}, WeightedMob{name='minecraft:skeleton', weight=10}]}
2025-05-14 23:33:59,067 [Thread-2] INFO treasure2 | Config.java:769 | adding mobset to map -> MobSet{name='treasure2:small_zombie_group', category='zombies', biomeWhitelist=[], biomeBlacklist=[], count=IntegerRange [min=1, max=3], mobs=[WeightedMob{name='minecraft:zombie', weight=90}, WeightedMob{name='minecraft:zombie_villager', weight=10}]}
2025-05-14 23:33:59,067 [Thread-2] INFO treasure2 | Config.java:769 | adding mobset to map -> MobSet{name='treasure2:medium_zombie_group', category='zombies', biomeWhitelist=[], biomeBlacklist=[], count=IntegerRange [min=2, max=5], mobs=[WeightedMob{name='minecraft:zombie', weight=90}, WeightedMob{name='minecraft:zombie_villager', weight=10}]}
2025-05-14 23:34:00,371 [Server thread] INFO treasure2 | WorldEventHandler.java:54 | In world load event
2025-05-14 23:34:00,374 [Server thread] INFO treasure2 | WorldEventHandler.java:64 | In world load event for dimension minecraft:overworld
2025-05-14 23:34:00,391 [Server thread] INFO treasure2 | MobSetRegistry.java:37 | mobSetConfig optional ...
2025-05-14 23:34:00,395 [Server thread] INFO treasure2 | MobSetRegistry.java:39 | mobSetConfig is present
2025-05-14 23:34:01,148 [Server thread] WARN treasure2 | TreasureTemplateRegistry.java:791 | biome -> 'minecraft:desert' is not registgered
2025-05-14 23:34:01,149 [Server thread] WARN treasure2 | TreasureTemplateRegistry.java:791 | biome -> 'minecraft:desert' is not registgered
2025-05-14 23:34:01,149 [Server thread] WARN treasure2 | TreasureTemplateRegistry.java:791 | biome -> 'minecraft:desert' is not registgered
2025-05-14 23:34:01,149 [Server thread] WARN treasure2 | TreasureTemplateRegistry.java:791 | biome -> 'minecraft:desert' is not registgered
2025-05-14 23:34:01,149 [Server thread] WARN treasure2 | TreasureTemplateRegistry.java:791 | biome -> 'minecraft:desert' is not registgered
2025-05-14 23:34:01,149 [Server thread] WARN treasure2 | TreasureTemplateRegistry.java:791 | biome -> 'minecraft:desert' is not registgered
2025-05-14 23:34:01,149 [Server thread] WARN treasure2 | TreasureTemplateRegistry.java:791 | biome -> 'minecraft:desert' is not registgered
2025-05-14 23:34:01,150 [Server thread] WARN treasure2 | TreasureTemplateRegistry.java:791 | biome -> 'minecraft:desert' is not registgered
2025-05-14 23:34:08,052 [Server thread] INFO treasure2 | WorldEventHandler.java:54 | In world load event
2025-05-14 23:34:08,053 [Server thread] INFO treasure2 | WorldEventHandler.java:64 | In world load event for dimension minecraft:the_end
2025-05-14 23:34:08,074 [Server thread] INFO treasure2 | WorldEventHandler.java:54 | In world load event
2025-05-14 23:34:08,074 [Server thread] INFO treasure2 | WorldEventHandler.java:64 | In world load event for dimension minecraft:the_nether
2025-05-14 23:35:39,095 [Server thread] INFO treasure2 | Config.java:760 | transforming mob set config...
2025-05-14 23:35:39,098 [Server thread] INFO treasure2 | Config.java:769 | adding mobset to map -> MobSet{name='treasure2:wishing_well_group', category='wishing_wells', biomeWhitelist=[], biomeBlacklist=[], count=IntegerRange [min=1, max=3], mobs=[WeightedMob{name='minecraft:zombie', weight=35}, WeightedMob{name='minecraft:zombie_villager', weight=10}, WeightedMob{name='minecraft:skeleton', weight=35}, WeightedMob{name='minecraft:vex', weight=20}, WeightedMob{name='minecraft:creeper', weight=15}, WeightedMob{name='minecraft:slime', weight=5}]}
2025-05-14 23:35:39,098 [Server thread] INFO treasure2 | Config.java:769 | adding mobset to map -> MobSet{name='treasure2:wither_tree_group', category='wither_trees', biomeWhitelist=[], biomeBlacklist=[], count=IntegerRange [min=1, max=3], mobs=[WeightedMob{name='minecraft:wither_skeleton', weight=90}, WeightedMob{name='minecraft:skeleton', weight=10}]}
2025-05-14 23:35:39,098 [Server thread] INFO treasure2 | Config.java:769 | adding mobset to map -> MobSet{name='treasure2:small_zombie_group', category='zombies', biomeWhitelist=[], biomeBlacklist=[], count=IntegerRange [min=1, max=3], mobs=[WeightedMob{name='minecraft:zombie', weight=90}, WeightedMob{name='minecraft:zombie_villager', weight=10}]}
2025-05-14 23:35:39,099 [Server thread] INFO treasure2 | Config.java:769 | adding mobset to map -> MobSet{name='treasure2:medium_zombie_group', category='zombies', biomeWhitelist=[], biomeBlacklist=[], count=IntegerRange [min=2, max=5], mobs=[WeightedMob{name='minecraft:zombie', weight=90}, WeightedMob{name='minecraft:zombie_villager', weight=10}]}
2025-05-14 23:39:06,561 [modloading-worker-0] WARN treasure2 | TreasureLootTableRegistry.java:173 | unable to locate file in jar -> data/treasure2/loot_tables/injects
2025-05-14 23:39:16,415 [main] INFO treasure2 | TreasureTags.java:135 | in tags updated event
2025-05-14 23:39:16,417 [main] INFO treasure2 | TreasureTags.java:152 | registering key -> treasure2:stone_key by rarity -> COMMON
2025-05-14 23:39:16,417 [main] INFO treasure2 | TreasureTags.java:152 | registering key -> treasure2:leaf_key by rarity -> UNCOMMON
2025-05-14 23:39:16,417 [main] INFO treasure2 | TreasureTags.java:152 | registering key -> treasure2:gold_key by rarity -> SCARCE
2025-05-14 23:39:16,417 [main] INFO treasure2 | TreasureTags.java:152 | registering key -> treasure2:diamond_key by rarity -> RARE
2025-05-14 23:39:16,417 [main] INFO treasure2 | TreasureTags.java:152 | registering key -> treasure2:thiefs_lock_pick by rarity -> UNCOMMON
2025-05-14 23:39:16,417 [main] INFO treasure2 | TreasureTags.java:152 | registering key -> treasure2:ember_key by rarity -> SCARCE
2025-05-14 23:39:16,418 [main] INFO treasure2 | TreasureTags.java:152 | registering key -> treasure2:wood_key by rarity -> COMMON
2025-05-14 23:39:16,418 [main] INFO treasure2 | TreasureTags.java:152 | registering key -> treasure2:metallurgists_key by rarity -> RARE
2025-05-14 23:39:16,418 [main] INFO treasure2 | TreasureTags.java:152 | registering key -> treasure2:skeleton_key by rarity -> RARE
2025-05-14 23:39:16,418 [main] INFO treasure2 | TreasureTags.java:152 | registering key -> treasure2:jewelled_key by rarity -> EPIC
2025-05-14 23:39:16,418 [main] INFO treasure2 | TreasureTags.java:152 | registering key -> treasure2:ruby_key by rarity -> EPIC
2025-05-14 23:39:16,418 [main] INFO treasure2 | TreasureTags.java:152 | registering key -> treasure2:onyx_key by rarity -> SCARCE
2025-05-14 23:39:16,419 [main] INFO treasure2 | TreasureTags.java:152 | registering key -> treasure2:emerald_key by rarity -> RARE
2025-05-14 23:39:16,419 [main] INFO treasure2 | TreasureTags.java:152 | registering key -> treasure2:lightning_key by rarity -> SCARCE
2025-05-14 23:39:16,419 [main] INFO treasure2 | TreasureTags.java:152 | registering key -> treasure2:topaz_key by rarity -> SCARCE
2025-05-14 23:39:16,419 [main] INFO treasure2 | TreasureTags.java:152 | registering key -> treasure2:sapphire_key by rarity -> EPIC
2025-05-14 23:39:16,419 [main] INFO treasure2 | TreasureTags.java:152 | registering key -> treasure2:pilferers_lock_pick by rarity -> COMMON
2025-05-14 23:39:16,419 [main] INFO treasure2 | TreasureTags.java:152 | registering key -> treasure2:iron_key by rarity -> UNCOMMON
2025-05-14 23:39:16,419 [main] INFO treasure2 | TreasureTags.java:152 | registering key -> treasure2:wither_key by rarity -> RARE
2025-05-14 23:39:16,419 [main] INFO treasure2 | TreasureTags.java:152 | registering key -> treasure2:spider_key by rarity -> SCARCE
2025-05-14 23:39:16,420 [main] INFO treasure2 | TreasureTags.java:152 | registering key -> treasure2:one_key by rarity -> MYTHICAL
2025-05-14 23:39:16,420 [main] INFO treasure2 | TreasureTags.java:167 | registering lock -> treasure2:onyx_lock by rarity -> SCARCE
2025-05-14 23:39:16,420 [main] INFO treasure2 | TreasureTags.java:167 | registering lock -> treasure2:spider_lock by rarity -> SCARCE
2025-05-14 23:39:16,420 [main] INFO treasure2 | TreasureTags.java:167 | registering lock -> treasure2:emerald_lock by rarity -> RARE
2025-05-14 23:39:16,420 [main] INFO treasure2 | TreasureTags.java:167 | registering lock -> treasure2:ruby_lock by rarity -> EPIC
2025-05-14 23:39:16,420 [main] INFO treasure2 | TreasureTags.java:167 | registering lock -> treasure2:stone_lock by rarity -> COMMON
2025-05-14 23:39:16,420 [main] INFO treasure2 | TreasureTags.java:167 | registering lock -> treasure2:leaf_lock by rarity -> UNCOMMON
2025-05-14 23:39:16,420 [main] INFO treasure2 | TreasureTags.java:167 | registering lock -> treasure2:sapphire_lock by rarity -> EPIC
2025-05-14 23:39:16,421 [main] INFO treasure2 | TreasureTags.java:167 | registering lock -> treasure2:diamond_lock by rarity -> RARE
2025-05-14 23:39:16,421 [main] INFO treasure2 | TreasureTags.java:167 | registering lock -> treasure2:ember_lock by rarity -> SCARCE
2025-05-14 23:39:16,421 [main] INFO treasure2 | TreasureTags.java:167 | registering lock -> treasure2:gold_lock by rarity -> SCARCE
2025-05-14 23:39:16,421 [main] INFO treasure2 | TreasureTags.java:167 | registering lock -> treasure2:wood_lock by rarity -> COMMON
2025-05-14 23:39:16,421 [main] INFO treasure2 | TreasureTags.java:167 | registering lock -> treasure2:iron_lock by rarity -> UNCOMMON
2025-05-14 23:39:16,421 [main] INFO treasure2 | TreasureTags.java:167 | registering lock -> treasure2:topaz_lock by rarity -> SCARCE
2025-05-14 23:39:16,421 [main] INFO treasure2 | TreasureTags.java:184 | registering chest -> treasure2:barrel_chest by rarity -> UNCOMMON
2025-05-14 23:39:16,421 [main] INFO treasure2 | TreasureTags.java:184 | registering chest -> treasure2:viking_chest by rarity -> UNCOMMON
2025-05-14 23:39:16,422 [main] INFO treasure2 | TreasureTags.java:184 | registering chest -> treasure2:pirate_chest by rarity -> SCARCE
2025-05-14 23:39:16,422 [main] INFO treasure2 | TreasureTags.java:184 | registering chest -> treasure2:safe by rarity -> RARE
2025-05-14 23:39:16,422 [main] INFO treasure2 | TreasureTags.java:184 | registering chest -> treasure2:cauldron_chest by rarity -> CAULDRON
2025-05-14 23:39:16,422 [main] INFO treasure2 | TreasureTags.java:184 | registering chest -> treasure2:crate_chest by rarity -> UNCOMMON
2025-05-14 23:39:16,422 [main] INFO treasure2 | TreasureTags.java:184 | registering chest -> treasure2:crate_chest_moldy by rarity -> COMMON
2025-05-14 23:39:16,422 [main] INFO treasure2 | TreasureTags.java:184 | registering chest -> treasure2:dread_pirate_chest by rarity -> EPIC
2025-05-14 23:39:16,422 [main] INFO treasure2 | TreasureTags.java:184 | registering chest -> treasure2:spider_chest by rarity -> RARE
2025-05-14 23:39:16,422 [main] INFO treasure2 | TreasureTags.java:184 | registering chest -> treasure2:ironbound_chest by rarity -> UNCOMMON
2025-05-14 23:39:16,422 [main] INFO treasure2 | TreasureTags.java:184 | registering chest -> treasure2:skull_chest by rarity -> SKULL
2025-05-14 23:39:16,422 [main] INFO treasure2 | TreasureTags.java:184 | registering chest -> treasure2:milk_crate by rarity -> COMMON
2025-05-14 23:39:16,422 [main] INFO treasure2 | TreasureTags.java:184 | registering chest -> treasure2:vanilla_chest by rarity -> COMMON
2025-05-14 23:39:16,422 [main] INFO treasure2 | TreasureTags.java:184 | registering chest -> treasure2:gold_skull_chest by rarity -> GOLD_SKULL
2025-05-14 23:39:16,422 [main] INFO treasure2 | TreasureTags.java:184 | registering chest -> treasure2:gold_strongbox by rarity -> RARE
2025-05-14 23:39:16,423 [main] INFO treasure2 | TreasureTags.java:184 | registering chest -> treasure2:iron_strongbox by rarity -> SCARCE
2025-05-14 23:39:16,423 [main] INFO treasure2 | TreasureTags.java:184 | registering chest -> treasure2:crystal_skull_chest by rarity -> CRYSTAL_SKULL
2025-05-14 23:39:16,423 [main] INFO treasure2 | TreasureTags.java:184 | registering chest -> treasure2:wood_chest by rarity -> COMMON
2025-05-14 23:39:16,423 [main] INFO treasure2 | TreasureTags.java:184 | registering chest -> treasure2:wither_chest by rarity -> WITHER
2025-05-14 23:39:16,423 [main] INFO treasure2 | TreasureTags.java:184 | registering chest -> treasure2:compressor_chest by rarity -> EPIC
2025-05-14 23:39:16,423 [main] INFO treasure2 | TreasureTags.java:184 | registering chest -> treasure2:cardboard_box by rarity -> COMMON
2025-05-14 23:39:16,423 [main] INFO treasure2 | TreasureTags.java:201 | registering wishable -> treasure2:onyx by rarity -> RARE
2025-05-14 23:39:16,423 [main] INFO treasure2 | TreasureTags.java:201 | registering wishable -> treasure2:ruby by rarity -> RARE
2025-05-14 23:39:16,424 [main] INFO treasure2 | TreasureTags.java:201 | registering wishable -> treasure2:white_pearl by rarity -> RARE
2025-05-14 23:39:16,424 [main] INFO treasure2 | TreasureTags.java:201 | registering wishable -> treasure2:sapphire by rarity -> EPIC
2025-05-14 23:39:16,424 [main] INFO treasure2 | TreasureTags.java:201 | registering wishable -> treasure2:black_pearl by rarity -> EPIC
2025-05-14 23:39:16,424 [main] INFO treasure2 | TreasureTags.java:201 | registering wishable -> treasure2:gold_coin by rarity -> SCARCE
2025-05-14 23:39:16,424 [main] INFO treasure2 | TreasureTags.java:201 | registering wishable -> treasure2:topaz by rarity -> SCARCE
2025-05-14 23:39:16,424 [main] INFO treasure2 | TreasureTags.java:201 | registering wishable -> minecraft:diamond by rarity -> SCARCE
2025-05-14 23:39:16,424 [main] INFO treasure2 | TreasureTags.java:201 | registering wishable -> minecraft:emerald by rarity -> SCARCE
2025-05-14 23:39:16,424 [main] INFO treasure2 | TreasureTags.java:201 | registering wishable -> treasure2:silver_coin by rarity -> UNCOMMON
2025-05-14 23:39:16,424 [main] INFO treasure2 | TreasureTags.java:201 | registering wishable -> treasure2:copper_coin by rarity -> COMMON
2025-05-14 23:39:16,905 [Server thread] INFO treasure2 | Config.java:760 | transforming mob set config...
2025-05-14 23:39:16,916 [Server thread] INFO treasure2 | Config.java:769 | adding mobset to map -> MobSet{name='treasure2:wishing_well_group', category='wishing_wells', biomeWhitelist=[], biomeBlacklist=[], count=IntegerRange [min=1, max=3], mobs=[WeightedMob{name='minecraft:zombie', weight=35}, WeightedMob{name='minecraft:zombie_villager', weight=10}, WeightedMob{name='minecraft:skeleton', weight=35}, WeightedMob{name='minecraft:vex', weight=20}, WeightedMob{name='minecraft:creeper', weight=15}, WeightedMob{name='minecraft:slime', weight=5}]}
2025-05-14 23:39:16,917 [Server thread] INFO treasure2 | Config.java:769 | adding mobset to map -> MobSet{name='treasure2:wither_tree_group', category='wither_trees', biomeWhitelist=[], biomeBlacklist=[], count=IntegerRange [min=1, max=3], mobs=[WeightedMob{name='minecraft:wither_skeleton', weight=90}, WeightedMob{name='minecraft:skeleton', weight=10}]}
2025-05-14 23:39:16,917 [Server thread] INFO treasure2 | Config.java:769 | adding mobset to map -> MobSet{name='treasure2:small_zombie_group', category='zombies', biomeWhitelist=[], biomeBlacklist=[], count=IntegerRange [min=1, max=3], mobs=[WeightedMob{name='minecraft:zombie', weight=90}, WeightedMob{name='minecraft:zombie_villager', weight=10}]}
2025-05-14 23:39:16,917 [Server thread] INFO treasure2 | Config.java:769 | adding mobset to map -> MobSet{name='treasure2:medium_zombie_group', category='zombies', biomeWhitelist=[], biomeBlacklist=[], count=IntegerRange [min=2, max=5], mobs=[WeightedMob{name='minecraft:zombie', weight=90}, WeightedMob{name='minecraft:zombie_villager', weight=10}]}
2025-05-14 23:39:18,027 [Server thread] INFO treasure2 | WorldEventHandler.java:54 | In world load event
2025-05-14 23:39:18,033 [Server thread] INFO treasure2 | WorldEventHandler.java:64 | In world load event for dimension minecraft:overworld
2025-05-14 23:39:18,055 [Server thread] INFO treasure2 | MobSetRegistry.java:37 | mobSetConfig optional ...
2025-05-14 23:39:18,055 [Server thread] INFO treasure2 | MobSetRegistry.java:39 | mobSetConfig is present
2025-05-14 23:39:18,593 [Server thread] WARN treasure2 | TreasureTemplateRegistry.java:791 | biome -> 'minecraft:desert' is not registgered
2025-05-14 23:39:18,596 [Server thread] WARN treasure2 | TreasureTemplateRegistry.java:791 | biome -> 'minecraft:desert' is not registgered
2025-05-14 23:39:18,596 [Server thread] WARN treasure2 | TreasureTemplateRegistry.java:791 | biome -> 'minecraft:desert' is not registgered
2025-05-14 23:39:18,596 [Server thread] WARN treasure2 | TreasureTemplateRegistry.java:791 | biome -> 'minecraft:desert' is not registgered
2025-05-14 23:39:18,596 [Server thread] WARN treasure2 | TreasureTemplateRegistry.java:791 | biome -> 'minecraft:desert' is not registgered
2025-05-14 23:39:18,596 [Server thread] WARN treasure2 | TreasureTemplateRegistry.java:791 | biome -> 'minecraft:desert' is not registgered
2025-05-14 23:39:18,596 [Server thread] WARN treasure2 | TreasureTemplateRegistry.java:791 | biome -> 'minecraft:desert' is not registgered
2025-05-14 23:39:18,597 [Server thread] WARN treasure2 | TreasureTemplateRegistry.java:791 | biome -> 'minecraft:desert' is not registgered
2025-05-14 23:39:22,065 [Server thread] INFO treasure2 | WorldEventHandler.java:54 | In world load event
2025-05-14 23:39:22,065 [Server thread] INFO treasure2 | WorldEventHandler.java:64 | In world load event for dimension minecraft:the_nether
2025-05-14 23:39:22,081 [Server thread] INFO treasure2 | WorldEventHandler.java:54 | In world load event
2025-05-14 23:39:22,081 [Server thread] INFO treasure2 | WorldEventHandler.java:64 | In world load event for dimension minecraft:the_end
2025-05-14 23:40:06,448 [Server thread] INFO treasure2 | AbstractTreasureChestBlock.java:162 | AbstractTreasureChestBlock | newBlockEntity | lockStates -> [LockState [slot=LockSlot [index=0, face=NORTH, xOffset=0.5, yOffset=0.6, zOffset=0.05, rotation=0.0], lockItem=null]]
2025-05-14 23:40:06,451 [Server thread] INFO treasure2 | AbstractTreasureChestBlock.java:163 | AbstractTreasureChestBlock | newBlockEntity | tileEntity -> mod.gottsch.forge.treasure2.core.block.entity.CrateChestBlockEntity@36b77bde @ BlockPos{x=-201, y=52, z=-112}
2025-05-14 23:40:06,498 [Server thread] INFO treasure2 | PitChestFeatureGenerator.java:130 | CHEATER! UNCOMMON chest at coords: -201 70 -112
2025-05-15 00:04:31,980 [Worker-Main-3] INFO treasure2 | AbstractTreasureChestBlock.java:162 | AbstractTreasureChestBlock | newBlockEntity | lockStates -> [LockState [slot=LockSlot [index=0, face=EAST, xOffset=0.72, yOffset=0.18, zOffset=0.5, rotation=90.0], lockItem=null]]
2025-05-15 00:04:31,980 [Worker-Main-3] INFO treasure2 | AbstractTreasureChestBlock.java:163 | AbstractTreasureChestBlock | newBlockEntity | tileEntity -> mod.gottsch.forge.treasure2.core.block.entity.CrystalSkullChestBlockEntity@356b0e64 @ BlockPos{x=330, y=64, z=384}
2025-05-15 00:04:32,007 [Worker-Main-3] INFO treasure2 | SimpleSurfaceChestFeatureGenerator.java:87 | CHEATER! CRYSTAL_SKULL chest at coords: 330 64 384
2025-05-15 00:08:44,328 [Server thread] INFO treasure2 | AbstractTreasureChestBlock.java:162 | AbstractTreasureChestBlock | newBlockEntity | lockStates -> [LockState [slot=LockSlot [index=0, face=NORTH, xOffset=0.61, yOffset=0.18, zOffset=0.27, rotation=0.0], lockItem=null], LockState [slot=LockSlot [index=1, face=EAST, xOffset=0.73, yOffset=0.18, zOffset=0.61, rotation=90.0], lockItem=null], LockState [slot=LockSlot [index=2, face=WEST, xOffset=0.27, yOffset=0.18, zOffset=0.39, rotation=-90.0], lockItem=null], LockState [slot=LockSlot [index=3, face=SOUTH, xOffset=0.39, yOffset=0.18, zOffset=0.73, rotation=0.0], lockItem=null]]
2025-05-15 00:08:44,328 [Server thread] INFO treasure2 | AbstractTreasureChestBlock.java:163 | AbstractTreasureChestBlock | newBlockEntity | tileEntity -> mod.gottsch.forge.treasure2.core.block.entity.CompressorChestBlockEntity@3c89ee03 @ BlockPos{x=-424, y=47, z=-21}
2025-05-15 00:08:44,372 [Server thread] INFO treasure2 | PitChestFeatureGenerator.java:130 | CHEATER! LEGENDARY chest at coords: -424 96 -30
2025-05-15 00:09:10,866 [Server thread] WARN treasure2 | DeferredGeneratorBlockEntity.java:121 | unable to locate rarity config for rarity - >UNCOMMON
2025-05-15 00:09:27,271 [Worker-Main-1] INFO treasure2 | WellGenerator.java:198 | CHEATER! Wishing Well at coords: -591 66 -24
